<testsuites id="" name="" tests="2" failures="1" skipped="0" errors="0" time="2.488306">
<testsuite name="ui-showcase.spec.ts" timestamp="2025-07-18T06:03:33.940Z" hostname="chromium" tests="2" failures="1" skipped="0" time="0.825" errors="0">
<testcase name="UI Showcase - Complete Application Flow › Capture screenshots of all UI functionality" classname="ui-showcase.spec.ts" time="0.687">
<system-out>
<![CDATA[
[[ATTACHMENT|ui-showcase-UI-Showcase----83a02-ots-of-all-UI-functionality-chromium/test-finished-1.png]]

[[ATTACHMENT|ui-showcase-UI-Showcase----83a02-ots-of-all-UI-functionality-chromium/video.webm]]

[[ATTACHMENT|ui-showcase-UI-Showcase----83a02-ots-of-all-UI-functionality-chromium/trace.zip]]
]]>
</system-out>
<system-err>
<![CDATA[Error during UI showcase: page.goto: net::ERR_EMPTY_RESPONSE at http://localhost:3000/
Call log:
[2m  - navigating to "http://localhost:3000/", waiting until "load"[22m

    at [90m/Users/lsendel/IdeaProjects/zamaz-debate-mcp/e2e-tests/[39mtests/ui-showcase.spec.ts:10:18 {
  name: [32m'Error'[39m,
  [[32mSymbol(step)[39m]: {
    stepId: [32m'pw:api@8'[39m,
    location: {
      file: [32m'/Users/lsendel/IdeaProjects/zamaz-debate-mcp/e2e-tests/tests/ui-showcase.spec.ts'[39m,
      line: [33m10[39m,
      column: [33m18[39m
    },
    category: [32m'pw:api'[39m,
    title: [32m'Navigate to "/"'[39m,
    apiName: [32m'page.goto'[39m,
    params: { url: [32m'http://localhost:3000'[39m, waitUntil: [32m'load'[39m, timeout: [33m30000[39m },
    boxedStack: [90mundefined[39m,
    steps: [],
    attachmentIndices: [],
    info: TestStepInfoImpl {
      annotations: [],
      _testInfo: [36m[TestInfoImpl][39m,
      _stepId: [32m'pw:api@8'[39m,
      skip: [36m[Function (anonymous)][39m
    },
    complete: [36m[Function: complete][39m,
    endWallTime: [33m1752818616037[39m,
    error: {
      message: [32m'Error: page.goto: net::ERR_EMPTY_RESPONSE at http://localhost:3000/\n'[39m +
        [32m'Call log:\n'[39m +
        [32m'\x1B[2m  - navigating to "http://localhost:3000/", waiting until "load"\x1B[22m\n'[39m,
      stack: [32m'Error: page.goto: net::ERR_EMPTY_RESPONSE at http://localhost:3000/\n'[39m +
        [32m'Call log:\n'[39m +
        [32m'\x1B[2m  - navigating to "http://localhost:3000/", waiting until "load"\x1B[22m\n'[39m +
        [32m'\n'[39m +
        [32m'    at /Users/lsendel/IdeaProjects/zamaz-debate-mcp/e2e-tests/tests/ui-showcase.spec.ts:10:18'[39m,
      cause: [90mundefined[39m
    }
  }
}
]]>
</system-err>
</testcase>
<testcase name="UI Showcase - Complete Application Flow › Interactive UI element testing" classname="ui-showcase.spec.ts" time="0.138">
<failure message="ui-showcase.spec.ts:106:7 Interactive UI element testing" type="FAILURE">
<![CDATA[  [chromium] › ui-showcase.spec.ts:106:7 › UI Showcase - Complete Application Flow › Interactive UI element testing 

    Error: page.goto: net::ERR_EMPTY_RESPONSE at http://localhost:3000/
    Call log:
      - navigating to "http://localhost:3000/", waiting until "load"


      105 |
      106 |   test('Interactive UI element testing', async ({ page }) => {
    > 107 |     await page.goto('http://localhost:3000');
          |                ^
      108 |     await page.waitForLoadState('networkidle', { timeout: 10000 });
      109 |     
      110 |     // Take screenshot of initial state
        at /Users/lsendel/IdeaProjects/zamaz-debate-mcp/e2e-tests/tests/ui-showcase.spec.ts:107:16

    attachment #1: screenshot (image/png) ──────────────────────────────────────────────────────────
    ../test-results/ui-showcase-UI-Showcase----3d79d-eractive-UI-element-testing-chromium/test-failed-1.png
    ────────────────────────────────────────────────────────────────────────────────────────────────

    attachment #2: video (video/webm) ──────────────────────────────────────────────────────────────
    ../test-results/ui-showcase-UI-Showcase----3d79d-eractive-UI-element-testing-chromium/video.webm
    ────────────────────────────────────────────────────────────────────────────────────────────────

    attachment #3: trace (application/zip) ─────────────────────────────────────────────────────────
    ../test-results/ui-showcase-UI-Showcase----3d79d-eractive-UI-element-testing-chromium/trace.zip
    Usage:

        npx playwright show-trace ../test-results/ui-showcase-UI-Showcase----3d79d-eractive-UI-element-testing-chromium/trace.zip

    ────────────────────────────────────────────────────────────────────────────────────────────────
]]>
</failure>
<system-out>
<![CDATA[
[[ATTACHMENT|ui-showcase-UI-Showcase----3d79d-eractive-UI-element-testing-chromium/test-failed-1.png]]

[[ATTACHMENT|ui-showcase-UI-Showcase----3d79d-eractive-UI-element-testing-chromium/video.webm]]

[[ATTACHMENT|ui-showcase-UI-Showcase----3d79d-eractive-UI-element-testing-chromium/trace.zip]]
]]>
</system-out>
</testcase>
</testsuite>
</testsuites>